[2026-03-31 09:54:44] INFO [mirofish.simulation.create_simulation:226] 创建模拟: sim_571b95ef504b, project=proj_6d56e4817baf, graph=mirofish_9f0d1c84b2164adf
[2026-03-31 09:54:44] INFO [mirofish.zep_entity_reader.filter_defined_entities:236] 开始筛选图谱 mirofish_9f0d1c84b2164adf 的实体...
[2026-03-31 09:54:44] INFO [mirofish.zep_entity_reader.get_all_nodes:137] 获取图谱 mirofish_9f0d1c84b2164adf 的所有节点...
[2026-03-31 09:54:45] INFO [mirofish.zep_entity_reader.get_all_nodes:151] 共获取 50 个节点
[2026-03-31 09:54:45] INFO [mirofish.zep_entity_reader.get_all_edges:164] 获取图谱 mirofish_9f0d1c84b2164adf 的所有边...
[2026-03-31 09:54:45] INFO [mirofish.zep_entity_reader.get_all_edges:179] 共获取 43 条边
[2026-03-31 09:54:45] INFO [mirofish.zep_entity_reader.filter_defined_entities:323] 筛选完成: 总节点 50, 符合条件 6, 实体类型: {'MediaOutlet', 'BotAccount', 'CitizenUser', 'Person', 'Organization'}
[2026-03-31 09:54:45] ERROR [mirofish.simulation.prepare_simulation:523] 模拟准备失败: sim_571b95ef504b, error=name 'current' is not defined
[2026-03-31 09:54:45] ERROR [mirofish.simulation.prepare_simulation:525] Traceback (most recent call last):
  File "/home/shulun/project/LightWorld/backend/app/application/simulation_manager.py", line 291, in prepare_simulation
    progress_callback(
  File "<stdin>", line 15, in progress
NameError: name 'current' is not defined

[2026-03-31 09:57:00] INFO [mirofish.simulation.create_simulation:226] 创建模拟: sim_514cf6a5a09d, project=proj_6d56e4817baf, graph=mirofish_9f0d1c84b2164adf
[2026-03-31 09:57:00] INFO [mirofish.zep_entity_reader.filter_defined_entities:236] 开始筛选图谱 mirofish_9f0d1c84b2164adf 的实体...
[2026-03-31 09:57:00] INFO [mirofish.zep_entity_reader.get_all_nodes:137] 获取图谱 mirofish_9f0d1c84b2164adf 的所有节点...
[2026-03-31 09:57:01] INFO [mirofish.zep_entity_reader.get_all_nodes:151] 共获取 50 个节点
[2026-03-31 09:57:01] INFO [mirofish.zep_entity_reader.get_all_edges:164] 获取图谱 mirofish_9f0d1c84b2164adf 的所有边...
[2026-03-31 09:57:02] INFO [mirofish.zep_entity_reader.get_all_edges:179] 共获取 43 条边
[2026-03-31 09:57:02] INFO [mirofish.zep_entity_reader.filter_defined_entities:323] 筛选完成: 总节点 50, 符合条件 6, 实体类型: {'Person', 'BotAccount', 'MediaOutlet', 'CitizenUser', 'Organization'}
[2026-03-31 09:57:02] INFO [mirofish.simulation.prepare_simulation:347] 已保存图谱实体快照: /home/shulun/project/LightWorld/backend/app/application/../../uploads/simulations/sim_514cf6a5a09d/entity_graph_snapshot.json, entities=6, edges=5
[2026-03-31 09:57:02] INFO [mirofish.simulation.prepare_simulation:358] 开始提取实体语义prompts: count=6
[2026-03-31 09:57:26] INFO [mirofish.entity_prompt_extractor.save_prompts:214] 实体 prompts 已保存: /home/shulun/project/LightWorld/backend/app/application/../../uploads/simulations/sim_514cf6a5a09d/entity_prompts.json, count=6
[2026-03-31 09:57:26] INFO [mirofish.oasis_profile.generate_profiles_from_entities:948] 开始并行生成 6 个Agent人设（并行数: 1）...
[2026-03-31 09:57:27] INFO [mirofish.oasis_profile._search_zep_for_entity:404] Zep混合检索完成: bot_01, 获取 30 条事实, 39 个相关节点
[2026-03-31 09:57:27] INFO [mirofish.oasis_profile.generate_profiles_from_entities:987] [1/6] 成功生成人设: bot_01 (BotAccount)
[2026-03-31 09:57:28] INFO [mirofish.oasis_profile._search_zep_for_entity:404] Zep混合检索完成: CAMEL-AI, 获取 30 条事实, 39 个相关节点
[2026-03-31 09:57:28] INFO [mirofish.oasis_profile.generate_profiles_from_entities:987] [2/6] 成功生成人设: CAMEL-AI (Organization)
[2026-03-31 09:57:28] INFO [mirofish.oasis_profile._search_zep_for_entity:404] Zep混合检索完成: group_a_01, 获取 30 条事实, 39 个相关节点
[2026-03-31 09:57:28] INFO [mirofish.oasis_profile.generate_profiles_from_entities:987] [3/6] 成功生成人设: group_a_01 (CitizenUser)
[2026-03-31 09:57:29] INFO [mirofish.oasis_profile._search_zep_for_entity:404] Zep混合检索完成: News, 获取 30 条事实, 39 个相关节点
[2026-03-31 09:57:29] INFO [mirofish.oasis_profile.generate_profiles_from_entities:987] [4/6] 成功生成人设: News (MediaOutlet)
[2026-03-31 09:57:29] INFO [mirofish.oasis_profile._search_zep_for_entity:404] Zep混合检索完成: 666ghj, 获取 30 条事实, 39 个相关节点
[2026-03-31 09:57:29] INFO [mirofish.oasis_profile.generate_profiles_from_entities:987] [5/6] 成功生成人设: 666ghj (Person)
[2026-03-31 09:57:30] INFO [mirofish.oasis_profile._search_zep_for_entity:404] Zep混合检索完成: Blogs, 获取 30 条事实, 39 个相关节点
[2026-03-31 09:57:30] INFO [mirofish.oasis_profile.generate_profiles_from_entities:987] [6/6] 成功生成人设: Blogs (MediaOutlet)
[2026-03-31 09:57:30] INFO [mirofish.oasis_profile._save_twitter_csv:1114] 已保存 6 个Twitter Profile到 /home/shulun/project/LightWorld/backend/app/application/../../uploads/simulations/sim_514cf6a5a09d/twitter_profiles.csv (OASIS CSV格式)
[2026-03-31 09:57:30] INFO [mirofish.simulation_config.generate_config:343] 开始智能生成模拟配置: simulation_id=sim_514cf6a5a09d, 实体数=6
[2026-03-31 09:57:30] INFO [mirofish.simulation_config.report_progress:355] [1/4] 生成时间配置...
[2026-03-31 09:57:40] INFO [mirofish.simulation_config.report_progress:355] [2/4] 生成事件配置和热点话题...
[2026-03-31 09:57:54] INFO [mirofish.simulation_config.report_progress:355] [3/4] 生成Agent配置 (1-6/6)...
[2026-03-31 09:58:12] INFO [mirofish.simulation_config.generate_config:402] 为初始帖子分配合适的发布者 Agent...
[2026-03-31 09:58:12] INFO [mirofish.simulation_config._assign_initial_post_agents:877] 初始帖子分配: poster_type='organization' -> agent_id=1
[2026-03-31 09:58:12] INFO [mirofish.simulation_config._assign_initial_post_agents:877] 初始帖子分配: poster_type='citizenuser' -> agent_id=2
[2026-03-31 09:58:12] INFO [mirofish.simulation_config._assign_initial_post_agents:877] 初始帖子分配: poster_type='mediaoutlet' -> agent_id=3
[2026-03-31 09:58:12] INFO [mirofish.simulation_config._assign_initial_post_agents:877] 初始帖子分配: poster_type='botaccount' -> agent_id=0
[2026-03-31 09:58:12] INFO [mirofish.simulation_config._assign_initial_post_agents:877] 初始帖子分配: poster_type='person' -> agent_id=4
[2026-03-31 09:58:12] INFO [mirofish.simulation_config.report_progress:355] [4/4] 生成平台配置...
[2026-03-31 09:58:12] INFO [mirofish.simulation_config.generate_config:448] 模拟配置生成完成: 6 个Agent配置
[2026-03-31 09:58:12] INFO [mirofish.simulation.prepare_simulation:517] 模拟准备完成: sim_514cf6a5a09d, entities=6, profiles=6
[2026-03-31 10:55:05] INFO [mirofish.simulation.create_simulation:227] 创建模拟: sim_209184607443, project=proj_6d56e4817baf, graph=mirofish_9f0d1c84b2164adf
[2026-03-31 10:55:05] INFO [mirofish.zep_entity_reader.filter_defined_entities:236] 开始筛选图谱 mirofish_9f0d1c84b2164adf 的实体...
[2026-03-31 10:55:05] INFO [mirofish.zep_entity_reader.get_all_nodes:137] 获取图谱 mirofish_9f0d1c84b2164adf 的所有节点...
[2026-03-31 10:55:06] INFO [mirofish.zep_entity_reader.get_all_nodes:151] 共获取 50 个节点
[2026-03-31 10:55:06] INFO [mirofish.zep_entity_reader.get_all_edges:164] 获取图谱 mirofish_9f0d1c84b2164adf 的所有边...
[2026-03-31 10:55:06] INFO [mirofish.zep_entity_reader.get_all_edges:179] 共获取 43 条边
[2026-03-31 10:55:06] INFO [mirofish.zep_entity_reader.filter_defined_entities:323] 筛选完成: 总节点 50, 符合条件 6, 实体类型: {'Person', 'MediaOutlet', 'BotAccount', 'CitizenUser', 'Organization'}
[2026-03-31 10:55:06] INFO [mirofish.simulation.prepare_simulation:348] 已保存图谱实体快照: /home/shulun/project/LightWorld/backend/app/application/../../uploads/simulations/sim_209184607443/entity_graph_snapshot.json, entities=6, edges=5
[2026-03-31 10:55:06] INFO [mirofish.simulation.prepare_simulation:359] 开始提取实体语义prompts: count=6
[2026-03-31 10:55:33] INFO [mirofish.entity_prompt_extractor.save_prompts:214] 实体 prompts 已保存: /home/shulun/project/LightWorld/backend/app/application/../../uploads/simulations/sim_209184607443/entity_prompts.json, count=6
[2026-03-31 10:55:33] INFO [mirofish.oasis_profile.generate_profiles_from_entities:948] 开始并行生成 6 个Agent人设（并行数: 1）...
[2026-03-31 10:55:33] INFO [mirofish.oasis_profile._search_zep_for_entity:404] Zep混合检索完成: bot_01, 获取 30 条事实, 39 个相关节点
[2026-03-31 10:55:33] INFO [mirofish.oasis_profile.generate_profiles_from_entities:987] [1/6] 成功生成人设: bot_01 (BotAccount)
[2026-03-31 10:55:34] INFO [mirofish.oasis_profile._search_zep_for_entity:404] Zep混合检索完成: CAMEL-AI, 获取 30 条事实, 39 个相关节点
[2026-03-31 10:55:34] INFO [mirofish.oasis_profile.generate_profiles_from_entities:987] [2/6] 成功生成人设: CAMEL-AI (Organization)
[2026-03-31 10:55:34] INFO [mirofish.oasis_profile._search_zep_for_entity:404] Zep混合检索完成: group_a_01, 获取 30 条事实, 39 个相关节点
[2026-03-31 10:55:34] INFO [mirofish.oasis_profile.generate_profiles_from_entities:987] [3/6] 成功生成人设: group_a_01 (CitizenUser)
[2026-03-31 10:55:34] INFO [mirofish.oasis_profile._search_zep_for_entity:404] Zep混合检索完成: News, 获取 30 条事实, 39 个相关节点
[2026-03-31 10:55:34] INFO [mirofish.oasis_profile.generate_profiles_from_entities:987] [4/6] 成功生成人设: News (MediaOutlet)
[2026-03-31 10:55:35] INFO [mirofish.oasis_profile._search_zep_for_entity:404] Zep混合检索完成: 666ghj, 获取 30 条事实, 39 个相关节点
[2026-03-31 10:55:35] INFO [mirofish.oasis_profile.generate_profiles_from_entities:987] [5/6] 成功生成人设: 666ghj (Person)
[2026-03-31 10:55:35] INFO [mirofish.oasis_profile._search_zep_for_entity:404] Zep混合检索完成: Blogs, 获取 30 条事实, 39 个相关节点
[2026-03-31 10:55:35] INFO [mirofish.oasis_profile.generate_profiles_from_entities:987] [6/6] 成功生成人设: Blogs (MediaOutlet)
[2026-03-31 10:55:35] INFO [mirofish.oasis_profile._save_twitter_csv:1114] 已保存 6 个Twitter Profile到 /home/shulun/project/LightWorld/backend/app/application/../../uploads/simulations/sim_209184607443/twitter_profiles.csv (OASIS CSV格式)
[2026-03-31 10:55:35] INFO [mirofish.simulation_config.generate_config:344] 开始智能生成模拟配置: simulation_id=sim_209184607443, 实体数=6
[2026-03-31 10:55:35] INFO [mirofish.simulation_config.report_progress:356] [1/4] 生成时间配置...
[2026-03-31 10:55:45] INFO [mirofish.simulation_config.report_progress:356] [2/4] 生成事件配置和热点话题...
[2026-03-31 10:55:59] INFO [mirofish.simulation_config.report_progress:356] [3/4] 生成Agent配置 (1-6/6)...
[2026-03-31 10:56:18] INFO [mirofish.simulation_config.generate_config:403] 为初始帖子分配合适的发布者 Agent...
[2026-03-31 10:56:18] INFO [mirofish.simulation_config._assign_initial_post_agents:943] 初始帖子分配: poster_type='organization' -> agent_id=1
[2026-03-31 10:56:18] INFO [mirofish.simulation_config._assign_initial_post_agents:943] 初始帖子分配: poster_type='organization' -> agent_id=1
[2026-03-31 10:56:18] INFO [mirofish.simulation_config._assign_initial_post_agents:943] 初始帖子分配: poster_type='person' -> agent_id=4
[2026-03-31 10:56:18] INFO [mirofish.simulation_config._assign_initial_post_agents:943] 初始帖子分配: poster_type='mediaoutlet' -> agent_id=3
[2026-03-31 10:56:18] INFO [mirofish.simulation_config._assign_initial_post_agents:961] 定时事件分配: event_type=create_post, poster_type='botaccount' -> agent_id=0
[2026-03-31 10:56:18] INFO [mirofish.simulation_config.report_progress:356] [4/4] 生成平台配置...
[2026-03-31 10:56:18] INFO [mirofish.simulation_config.generate_config:449] 模拟配置生成完成: 6 个Agent配置
[2026-03-31 10:56:18] INFO [mirofish.simulation.prepare_simulation:492] 已编译显式社交关系图: /home/shulun/project/LightWorld/backend/app/application/../../uploads/simulations/sim_209184607443/social_relation_graph.json, nodes=6, edges=0
[2026-03-31 10:56:18] INFO [mirofish.simulation.prepare_simulation:542] 模拟准备完成: sim_209184607443, entities=6, profiles=6
[2026-03-31 10:58:17] INFO [mirofish.simulation.create_simulation:227] 创建模拟: sim_826a7c28a5eb, project=proj_6d56e4817baf, graph=mirofish_9f0d1c84b2164adf
[2026-03-31 10:58:17] INFO [mirofish.zep_entity_reader.filter_defined_entities:236] 开始筛选图谱 mirofish_9f0d1c84b2164adf 的实体...
[2026-03-31 10:58:17] INFO [mirofish.zep_entity_reader.get_all_nodes:137] 获取图谱 mirofish_9f0d1c84b2164adf 的所有节点...
[2026-03-31 10:58:18] INFO [mirofish.zep_entity_reader.get_all_nodes:151] 共获取 50 个节点
[2026-03-31 10:58:18] INFO [mirofish.zep_entity_reader.get_all_edges:164] 获取图谱 mirofish_9f0d1c84b2164adf 的所有边...
[2026-03-31 10:58:18] INFO [mirofish.zep_entity_reader.get_all_edges:179] 共获取 43 条边
[2026-03-31 10:58:18] INFO [mirofish.zep_entity_reader.filter_defined_entities:323] 筛选完成: 总节点 50, 符合条件 6, 实体类型: {'BotAccount', 'Organization', 'CitizenUser', 'Person', 'MediaOutlet'}
[2026-03-31 10:58:18] INFO [mirofish.simulation.prepare_simulation:355] 已保存图谱实体快照: /home/shulun/project/LightWorld/backend/app/application/../../uploads/simulations/sim_826a7c28a5eb/entity_graph_snapshot.json, entities=6, edges=4
[2026-03-31 10:58:18] INFO [mirofish.simulation.prepare_simulation:366] 开始提取实体语义prompts: count=6
[2026-03-31 10:58:45] INFO [mirofish.entity_prompt_extractor.save_prompts:214] 实体 prompts 已保存: /home/shulun/project/LightWorld/backend/app/application/../../uploads/simulations/sim_826a7c28a5eb/entity_prompts.json, count=6
[2026-03-31 10:58:46] INFO [mirofish.oasis_profile.generate_profiles_from_entities:948] 开始并行生成 6 个Agent人设（并行数: 1）...
[2026-03-31 10:58:46] INFO [mirofish.oasis_profile._search_zep_for_entity:404] Zep混合检索完成: bot_01, 获取 30 条事实, 39 个相关节点
[2026-03-31 10:58:46] INFO [mirofish.oasis_profile.generate_profiles_from_entities:987] [1/6] 成功生成人设: bot_01 (BotAccount)
[2026-03-31 10:58:47] INFO [mirofish.oasis_profile._search_zep_for_entity:404] Zep混合检索完成: CAMEL-AI, 获取 30 条事实, 39 个相关节点
[2026-03-31 10:58:47] INFO [mirofish.oasis_profile.generate_profiles_from_entities:987] [2/6] 成功生成人设: CAMEL-AI (Organization)
[2026-03-31 10:58:47] INFO [mirofish.oasis_profile._search_zep_for_entity:404] Zep混合检索完成: group_a_01, 获取 30 条事实, 39 个相关节点
[2026-03-31 10:58:47] INFO [mirofish.oasis_profile.generate_profiles_from_entities:987] [3/6] 成功生成人设: group_a_01 (CitizenUser)
[2026-03-31 10:58:47] INFO [mirofish.oasis_profile._search_zep_for_entity:404] Zep混合检索完成: News, 获取 30 条事实, 39 个相关节点
[2026-03-31 10:58:47] INFO [mirofish.oasis_profile.generate_profiles_from_entities:987] [4/6] 成功生成人设: News (MediaOutlet)
[2026-03-31 10:58:48] INFO [mirofish.oasis_profile._search_zep_for_entity:404] Zep混合检索完成: 666ghj, 获取 30 条事实, 39 个相关节点
[2026-03-31 10:58:48] INFO [mirofish.oasis_profile.generate_profiles_from_entities:987] [5/6] 成功生成人设: 666ghj (Person)
[2026-03-31 10:58:48] INFO [mirofish.oasis_profile._search_zep_for_entity:404] Zep混合检索完成: Blogs, 获取 30 条事实, 39 个相关节点
[2026-03-31 10:58:48] INFO [mirofish.oasis_profile.generate_profiles_from_entities:987] [6/6] 成功生成人设: Blogs (MediaOutlet)
[2026-03-31 10:58:48] INFO [mirofish.oasis_profile._save_twitter_csv:1114] 已保存 6 个Twitter Profile到 /home/shulun/project/LightWorld/backend/app/application/../../uploads/simulations/sim_826a7c28a5eb/twitter_profiles.csv (OASIS CSV格式)
[2026-03-31 10:58:48] INFO [mirofish.simulation_config.generate_config:344] 开始智能生成模拟配置: simulation_id=sim_826a7c28a5eb, 实体数=6
[2026-03-31 10:58:48] INFO [mirofish.simulation_config.report_progress:356] [1/4] 生成时间配置...
[2026-03-31 10:58:58] INFO [mirofish.simulation_config.report_progress:356] [2/4] 生成事件配置和热点话题...
[2026-03-31 10:59:14] INFO [mirofish.simulation_config.report_progress:356] [3/4] 生成Agent配置 (1-6/6)...
[2026-03-31 10:59:32] INFO [mirofish.simulation_config.generate_config:403] 为初始帖子分配合适的发布者 Agent...
[2026-03-31 10:59:32] INFO [mirofish.simulation_config._assign_initial_post_agents:943] 初始帖子分配: poster_type='organization' -> agent_id=1
[2026-03-31 10:59:32] INFO [mirofish.simulation_config._assign_initial_post_agents:943] 初始帖子分配: poster_type='citizenuser' -> agent_id=2
[2026-03-31 10:59:32] INFO [mirofish.simulation_config._assign_initial_post_agents:943] 初始帖子分配: poster_type='mediaoutlet' -> agent_id=3
[2026-03-31 10:59:32] INFO [mirofish.simulation_config._assign_initial_post_agents:943] 初始帖子分配: poster_type='person' -> agent_id=4
[2026-03-31 10:59:32] INFO [mirofish.simulation_config._assign_initial_post_agents:943] 初始帖子分配: poster_type='botaccount' -> agent_id=0
[2026-03-31 10:59:32] INFO [mirofish.simulation_config._assign_initial_post_agents:961] 定时事件分配: event_type=create_post, poster_type='organization' -> agent_id=1
[2026-03-31 10:59:32] INFO [mirofish.simulation_config.report_progress:356] [4/4] 生成平台配置...
[2026-03-31 10:59:32] INFO [mirofish.simulation_config.generate_config:449] 模拟配置生成完成: 6 个Agent配置
[2026-03-31 10:59:32] INFO [mirofish.simulation.prepare_simulation:499] 已编译显式社交关系图: /home/shulun/project/LightWorld/backend/app/application/../../uploads/simulations/sim_826a7c28a5eb/social_relation_graph.json, nodes=6, edges=1
[2026-03-31 10:59:32] INFO [mirofish.simulation.prepare_simulation:549] 模拟准备完成: sim_826a7c28a5eb, entities=6, profiles=6
